  feShader.cpp
LINK : warning LNK4075: ignoring '/INCREMENTAL' due to '/LTCG' specification
feShader.obj : error LNK2001: unresolved external symbol __imp___glewUseProgram
feShader.obj : error LNK2001: unresolved external symbol __imp___glewGetShaderiv
feShader.obj : error LNK2001: unresolved external symbol __imp___glewCompileShader
feShader.obj : error LNK2001: unresolved external symbol __imp___glewCreateShader
feShader.obj : error LNK2001: unresolved external symbol __imp___glewCreateProgram
feShader.obj : error LNK2001: unresolved external symbol __imp___glewGetShaderInfoLog
feShader.obj : error LNK2001: unresolved external symbol __imp___glewGetProgramiv
feShader.obj : error LNK2001: unresolved external symbol __imp___glewUniformBlockBinding
feShader.obj : error LNK2001: unresolved external symbol __imp___glewGetUniformBlockIndex
feShader.obj : error LNK2001: unresolved external symbol __imp___glewAttachShader
feShader.obj : error LNK2001: unresolved external symbol __imp___glewDeleteProgram
feShader.obj : error LNK2001: unresolved external symbol __imp___glewShaderSource
feShader.obj : error LNK2001: unresolved external symbol __imp___glewGetProgramInfoLog
feShader.obj : error LNK2001: unresolved external symbol __imp___glewDeleteShader
feShader.obj : error LNK2001: unresolved external symbol __imp___glewLinkProgram
Main.obj : error LNK2001: unresolved external symbol "public: static void __cdecl DLL_Logger::Logger::Log<int,char const *,char const *>(enum DLL_Logger::Logger::Priority,int,char const *,char const *)" (??$Log@HPEBDPEBD@Logger@DLL_Logger@@SAXW4Priority@01@HPEBD1@Z)
feMaterial.obj : error LNK2001: unresolved external symbol __imp___glewBindBuffer
feMaterial.obj : error LNK2001: unresolved external symbol __imp_glBindTexture
feMaterial.obj : error LNK2001: unresolved external symbol __imp_glGenTextures
feMaterial.obj : error LNK2001: unresolved external symbol __imp___glewBufferData
feMaterial.obj : error LNK2001: unresolved external symbol __imp_glTexParameteri
feMaterial.obj : error LNK2001: unresolved external symbol __imp_glDeleteTextures
feMaterial.obj : error LNK2001: unresolved external symbol __imp___glewBindBufferBase
feMaterial.obj : error LNK2001: unresolved external symbol __imp_glTexImage2D
feMaterial.obj : error LNK2001: unresolved external symbol __imp___glewGenBuffers
feAmbiantLight.obj : error LNK2001: unresolved external symbol __imp___glewDeleteBuffers
feCube.obj : error LNK2001: unresolved external symbol __imp___glewEnableVertexAttribArray
feCube.obj : error LNK2001: unresolved external symbol __imp___glewBindVertexArray
feCube.obj : error LNK2001: unresolved external symbol __imp___glewVertexAttribPointer
feCube.obj : error LNK2001: unresolved external symbol __imp___glewGenVertexArrays
feCubeMap.obj : error LNK2001: unresolved external symbol __imp_glDrawArrays
feCubeMap.obj : error LNK2001: unresolved external symbol __imp_glDepthFunc
feMesh.obj : error LNK2001: unresolved external symbol __imp___glewDeleteVertexArrays
feMesh.obj : error LNK2001: unresolved external symbol __imp_glDrawElements
feMesh.obj : error LNK2001: unresolved external symbol __imp___glewPatchParameteri
feCamera.obj : error LNK2001: unresolved external symbol __imp_glViewport
feCamera.obj : error LNK2001: unresolved external symbol __imp_glPolygonMode
feCamera.obj : error LNK2001: unresolved external symbol __imp_glFrustum
feCamera.obj : error LNK2001: unresolved external symbol __imp_glMatrixMode
feDriver.obj : error LNK2001: unresolved external symbol __imp_glClear
feDriver.obj : error LNK2001: unresolved external symbol __imp_glEnable
feDriver.obj : error LNK2001: unresolved external symbol __imp_glClearColor
feDriver.obj : error LNK2001: unresolved external symbol __imp_glClearDepth
feDriver.obj : error LNK2001: unresolved external symbol __imp_glewInit
feScene.obj : error LNK2001: unresolved external symbol __imp___glewGetUniformLocation
feScene.obj : error LNK2001: unresolved external symbol __imp___glewUniformMatrix4fv
C:\Users\l.schmidt\Documents\Project\Engine\FrogEngine\x64\Release\FrogEngine.exe : fatal error LNK1120: 46 unresolved externals
