c:\users\l.schmidt\documents\project\engine\frogengine\windowevent\x64\debug\windowevent.pch
c:\users\l.schmidt\documents\project\engine\frogengine\windowevent\x64\debug\vc140.pdb
c:\users\l.schmidt\documents\project\engine\frogengine\windowevent\x64\debug\vc140.idb
c:\users\l.schmidt\documents\project\engine\frogengine\windowevent\x64\debug\stdafx.obj
c:\users\l.schmidt\documents\project\engine\frogengine\windowevent\x64\debug\dllmain.obj
c:\users\l.schmidt\documents\project\engine\frogengine\windowevent\x64\debug\sdlevent.obj
c:\users\l.schmidt\documents\project\engine\frogengine\windowevent\x64\debug\sdlwindow.obj
c:\users\l.schmidt\documents\project\engine\frogengine\windowevent\x64\debug\sfmlevent.obj
c:\users\l.schmidt\documents\project\engine\frogengine\windowevent\x64\debug\sfmlwindow.obj
c:\users\l.schmidt\documents\project\engine\frogengine\x64\debug\windowevent.ilk
c:\users\l.schmidt\documents\project\engine\frogengine\x64\debug\windowevent.dll
c:\users\l.schmidt\documents\project\engine\frogengine\x64\debug\windowevent.pdb
c:\users\l.schmidt\documents\project\engine\frogengine\x64\debug\windowevent.lib
c:\users\l.schmidt\documents\project\engine\frogengine\x64\debug\windowevent.exp
c:\users\l.schmidt\documents\project\engine\frogengine\windowevent\x64\debug\windowevent.tlog\cl.command.1.tlog
c:\users\l.schmidt\documents\project\engine\frogengine\windowevent\x64\debug\windowevent.tlog\cl.read.1.tlog
c:\users\l.schmidt\documents\project\engine\frogengine\windowevent\x64\debug\windowevent.tlog\cl.write.1.tlog
c:\users\l.schmidt\documents\project\engine\frogengine\windowevent\x64\debug\windowevent.tlog\link.command.1.tlog
c:\users\l.schmidt\documents\project\engine\frogengine\windowevent\x64\debug\windowevent.tlog\link.read.1.tlog
c:\users\l.schmidt\documents\project\engine\frogengine\windowevent\x64\debug\windowevent.tlog\link.write.1.tlog
c:\users\l.schmidt\documents\project\engine\frogengine\windowevent\x64\debug\windowevent.tlog\windowevent.write.1u.tlog
