c:\users\l.schmidt\documents\project\engine\frogengine\mesh\x64\debug\mesh.pch
c:\users\l.schmidt\documents\project\engine\frogengine\mesh\x64\debug\vc140.pdb
c:\users\l.schmidt\documents\project\engine\frogengine\mesh\x64\debug\vc140.idb
c:\users\l.schmidt\documents\project\engine\frogengine\mesh\x64\debug\stdafx.obj
c:\users\l.schmidt\documents\project\engine\frogengine\mesh\x64\debug\dllmain.obj
c:\users\l.schmidt\documents\project\engine\frogengine\mesh\x64\debug\sdkloadermesh.obj
c:\users\l.schmidt\documents\project\engine\frogengine\mesh\x64\debug\femesh.obj
c:\users\l.schmidt\documents\project\engine\frogengine\mesh\x64\debug\femeshfbx.obj
c:\users\l.schmidt\documents\project\engine\frogengine\mesh\x64\debug\femeshobj.obj
c:\users\l.schmidt\documents\project\engine\frogengine\mesh\x64\debug\femeshskybox.obj
c:\users\l.schmidt\documents\project\engine\frogengine\mesh\x64\debug\feloadermesh.obj
c:\users\l.schmidt\documents\project\engine\frogengine\mesh\x64\debug\mesh.obj
c:\users\l.schmidt\documents\project\engine\frogengine\x64\debug\mesh.ilk
c:\users\l.schmidt\documents\project\engine\frogengine\x64\debug\mesh.dll
c:\users\l.schmidt\documents\project\engine\frogengine\x64\debug\mesh.pdb
c:\users\l.schmidt\documents\project\engine\frogengine\x64\debug\mesh.lib
c:\users\l.schmidt\documents\project\engine\frogengine\x64\debug\mesh.exp
c:\users\l.schmidt\documents\project\engine\frogengine\mesh\x64\debug\mesh.tlog\cl.command.1.tlog
c:\users\l.schmidt\documents\project\engine\frogengine\mesh\x64\debug\mesh.tlog\cl.read.1.tlog
c:\users\l.schmidt\documents\project\engine\frogengine\mesh\x64\debug\mesh.tlog\cl.write.1.tlog
c:\users\l.schmidt\documents\project\engine\frogengine\mesh\x64\debug\mesh.tlog\link.command.1.tlog
c:\users\l.schmidt\documents\project\engine\frogengine\mesh\x64\debug\mesh.tlog\link.read.1.tlog
c:\users\l.schmidt\documents\project\engine\frogengine\mesh\x64\debug\mesh.tlog\link.write.1.tlog
c:\users\l.schmidt\documents\project\engine\frogengine\mesh\x64\debug\mesh.tlog\mesh.write.1u.tlog
