c:\users\l.schmidt\documents\project\engine\frogengine\core\x64\debug\core.pch
c:\users\l.schmidt\documents\project\engine\frogengine\core\x64\debug\vc140.pdb
c:\users\l.schmidt\documents\project\engine\frogengine\core\x64\debug\vc140.idb
c:\users\l.schmidt\documents\project\engine\frogengine\core\x64\debug\stdafx.obj
c:\users\l.schmidt\documents\project\engine\frogengine\core\x64\debug\fecapsulecollider.obj
c:\users\l.schmidt\documents\project\engine\frogengine\core\x64\debug\fecollider.obj
c:\users\l.schmidt\documents\project\engine\frogengine\core\x64\debug\fespherecollider.obj
c:\users\l.schmidt\documents\project\engine\frogengine\core\x64\debug\feray.obj
c:\users\l.schmidt\documents\project\engine\frogengine\core\x64\debug\fecamera.obj
c:\users\l.schmidt\documents\project\engine\frogengine\core\x64\debug\feeditorcamera.obj
c:\users\l.schmidt\documents\project\engine\frogengine\core\x64\debug\core.obj
c:\users\l.schmidt\documents\project\engine\frogengine\core\x64\debug\feobject.obj
c:\users\l.schmidt\documents\project\engine\frogengine\core\x64\debug\fetransform.obj
c:\users\l.schmidt\documents\project\engine\frogengine\core\x64\debug\fedevice.obj
c:\users\l.schmidt\documents\project\engine\frogengine\core\x64\debug\feinputmanager.obj
c:\users\l.schmidt\documents\project\engine\frogengine\core\x64\debug\felightmanager.obj
c:\users\l.schmidt\documents\project\engine\frogengine\core\x64\debug\feresourcemanager.obj
c:\users\l.schmidt\documents\project\engine\frogengine\core\x64\debug\fescene.obj
c:\users\l.schmidt\documents\project\engine\frogengine\core\x64\debug\fescenemanager.obj
c:\users\l.schmidt\documents\project\engine\frogengine\core\x64\debug\feserializemanager.obj
c:\users\l.schmidt\documents\project\engine\frogengine\core\x64\debug\fedebugdrawer.obj
c:\users\l.schmidt\documents\project\engine\frogengine\core\x64\debug\fephysicsmanager.obj
c:\users\l.schmidt\documents\project\engine\frogengine\core\x64\debug\fedriver.obj
c:\users\l.schmidt\documents\project\engine\frogengine\core\x64\debug\fefrustum.obj
c:\users\l.schmidt\documents\project\engine\frogengine\core\x64\debug\fecomponent.obj
c:\users\l.schmidt\documents\project\engine\frogengine\core\x64\debug\feambiantlight.obj
c:\users\l.schmidt\documents\project\engine\frogengine\core\x64\debug\fedirectionallight.obj
c:\users\l.schmidt\documents\project\engine\frogengine\core\x64\debug\felight.obj
c:\users\l.schmidt\documents\project\engine\frogengine\core\x64\debug\felightmaterial.obj
c:\users\l.schmidt\documents\project\engine\frogengine\core\x64\debug\fespotlight.obj
c:\users\l.schmidt\documents\project\engine\frogengine\core\x64\debug\femodel.obj
c:\users\l.schmidt\documents\project\engine\frogengine\core\x64\debug\feboundingsphere.obj
c:\users\l.schmidt\documents\project\engine\frogengine\core\x64\debug\feboxcollider.obj
c:\users\l.schmidt\documents\project\engine\frogengine\core\x64\debug\dllmain.obj
c:\users\l.schmidt\documents\project\engine\frogengine\core\x64\debug\femotionstate.obj
c:\users\l.schmidt\documents\project\engine\frogengine\x64\debug\core.lib
c:\users\l.schmidt\documents\project\engine\frogengine\x64\debug\core.exp
c:\users\l.schmidt\documents\project\engine\frogengine\x64\debug\core.ilk
c:\users\l.schmidt\documents\project\engine\frogengine\x64\debug\core.dll
c:\users\l.schmidt\documents\project\engine\frogengine\x64\debug\core.pdb
c:\users\l.schmidt\documents\project\engine\frogengine\core\x64\debug\core.vcxprojresolveassemblyreference.cache
c:\users\l.schmidt\documents\project\engine\frogengine\core\x64\debug\femodel.obj.enc
c:\users\l.schmidt\documents\project\engine\frogengine\core\x64\debug\feobject.obj.enc
c:\users\l.schmidt\documents\project\engine\frogengine\core\x64\debug\fephysicsmanager.obj.enc
c:\users\l.schmidt\documents\project\engine\frogengine\core\x64\debug\feresourcemanager.obj.enc
c:\users\l.schmidt\documents\project\engine\frogengine\core\x64\debug\core.tlog\cl.command.1.tlog
c:\users\l.schmidt\documents\project\engine\frogengine\core\x64\debug\core.tlog\cl.read.1.tlog
c:\users\l.schmidt\documents\project\engine\frogengine\core\x64\debug\core.tlog\cl.write.1.tlog
c:\users\l.schmidt\documents\project\engine\frogengine\core\x64\debug\core.tlog\core.write.1u.tlog
c:\users\l.schmidt\documents\project\engine\frogengine\core\x64\debug\core.tlog\link.command.1.tlog
c:\users\l.schmidt\documents\project\engine\frogengine\core\x64\debug\core.tlog\link.read.1.tlog
c:\users\l.schmidt\documents\project\engine\frogengine\core\x64\debug\core.tlog\link.write.1.tlog
