c:\users\l.schmidt\documents\project\engine\frogengine\math\x64\debug\vc140.pdb
c:\users\l.schmidt\documents\project\engine\frogengine\math\x64\debug\vc140.idb
c:\users\l.schmidt\documents\project\engine\frogengine\math\x64\debug\dllmain.obj
c:\users\l.schmidt\documents\project\engine\frogengine\math\x64\debug\matrix4.obj
c:\users\l.schmidt\documents\project\engine\frogengine\math\x64\debug\quaternion.obj
c:\users\l.schmidt\documents\project\engine\frogengine\math\x64\debug\stdafx.obj
c:\users\l.schmidt\documents\project\engine\frogengine\math\x64\debug\tools.obj
c:\users\l.schmidt\documents\project\engine\frogengine\math\x64\debug\vector2d.obj
c:\users\l.schmidt\documents\project\engine\frogengine\math\x64\debug\vector3d.obj
c:\users\l.schmidt\documents\project\engine\frogengine\math\x64\debug\vector4d.obj
c:\users\l.schmidt\documents\project\engine\frogengine\x64\debug\math.ilk
c:\users\l.schmidt\documents\project\engine\frogengine\x64\debug\math.dll
c:\users\l.schmidt\documents\project\engine\frogengine\x64\debug\math.pdb
c:\users\l.schmidt\documents\project\engine\frogengine\x64\debug\math.lib
c:\users\l.schmidt\documents\project\engine\frogengine\x64\debug\math.exp
c:\users\l.schmidt\documents\project\engine\frogengine\math\x64\debug\math.tlog\cl.command.1.tlog
c:\users\l.schmidt\documents\project\engine\frogengine\math\x64\debug\math.tlog\cl.read.1.tlog
c:\users\l.schmidt\documents\project\engine\frogengine\math\x64\debug\math.tlog\cl.write.1.tlog
c:\users\l.schmidt\documents\project\engine\frogengine\math\x64\debug\math.tlog\link.command.1.tlog
c:\users\l.schmidt\documents\project\engine\frogengine\math\x64\debug\math.tlog\link.read.1.tlog
c:\users\l.schmidt\documents\project\engine\frogengine\math\x64\debug\math.tlog\link.write.1.tlog
c:\users\l.schmidt\documents\project\engine\frogengine\math\x64\debug\math.tlog\math.write.1u.tlog
