c:\users\l.schmidt\documents\project\engine\frogengine\rhi\x64\debug\rhi.pch
c:\users\l.schmidt\documents\project\engine\frogengine\rhi\x64\debug\vc140.pdb
c:\users\l.schmidt\documents\project\engine\frogengine\rhi\x64\debug\vc140.idb
c:\users\l.schmidt\documents\project\engine\frogengine\rhi\x64\debug\stdafx.obj
c:\users\l.schmidt\documents\project\engine\frogengine\rhi\x64\debug\glbuffer.obj
c:\users\l.schmidt\documents\project\engine\frogengine\rhi\x64\debug\glbufferobject.obj
c:\users\l.schmidt\documents\project\engine\frogengine\rhi\x64\debug\verticesdata.obj
c:\users\l.schmidt\documents\project\engine\frogengine\rhi\x64\debug\rhierror.obj
c:\users\l.schmidt\documents\project\engine\frogengine\rhi\x64\debug\glrenderer.obj
c:\users\l.schmidt\documents\project\engine\frogengine\rhi\x64\debug\rhi.obj
c:\users\l.schmidt\documents\project\engine\frogengine\rhi\x64\debug\d3dshader.obj
c:\users\l.schmidt\documents\project\engine\frogengine\rhi\x64\debug\glshader.obj
c:\users\l.schmidt\documents\project\engine\frogengine\rhi\x64\debug\gltexture.obj
c:\users\l.schmidt\documents\project\engine\frogengine\x64\debug\rhi.ilk
c:\users\l.schmidt\documents\project\engine\frogengine\x64\debug\rhi.dll
c:\users\l.schmidt\documents\project\engine\frogengine\x64\debug\rhi.pdb
c:\users\l.schmidt\documents\project\engine\frogengine\x64\debug\rhi.lib
c:\users\l.schmidt\documents\project\engine\frogengine\x64\debug\rhi.exp
c:\users\l.schmidt\documents\project\engine\frogengine\rhi\x64\debug\rhi.tlog\cl.command.1.tlog
c:\users\l.schmidt\documents\project\engine\frogengine\rhi\x64\debug\rhi.tlog\cl.read.1.tlog
c:\users\l.schmidt\documents\project\engine\frogengine\rhi\x64\debug\rhi.tlog\cl.write.1.tlog
c:\users\l.schmidt\documents\project\engine\frogengine\rhi\x64\debug\rhi.tlog\link.command.1.tlog
c:\users\l.schmidt\documents\project\engine\frogengine\rhi\x64\debug\rhi.tlog\link.read.1.tlog
c:\users\l.schmidt\documents\project\engine\frogengine\rhi\x64\debug\rhi.tlog\link.write.1.tlog
c:\users\l.schmidt\documents\project\engine\frogengine\rhi\x64\debug\rhi.tlog\rhi.write.1u.tlog
