c:\users\l.schmidt\documents\project\engine\frogengine\material\x64\debug\material.pch
c:\users\l.schmidt\documents\project\engine\frogengine\material\x64\debug\vc140.pdb
c:\users\l.schmidt\documents\project\engine\frogengine\material\x64\debug\vc140.idb
c:\users\l.schmidt\documents\project\engine\frogengine\material\x64\debug\stdafx.obj
c:\users\l.schmidt\documents\project\engine\frogengine\material\x64\debug\dllmain.obj
c:\users\l.schmidt\documents\project\engine\frogengine\material\x64\debug\fematerial.obj
c:\users\l.schmidt\documents\project\engine\frogengine\material\x64\debug\fematerialfbx.obj
c:\users\l.schmidt\documents\project\engine\frogengine\material\x64\debug\feloadermaterial.obj
c:\users\l.schmidt\documents\project\engine\frogengine\material\x64\debug\material.obj
c:\users\l.schmidt\documents\project\engine\frogengine\x64\debug\material.ilk
c:\users\l.schmidt\documents\project\engine\frogengine\x64\debug\material.dll
c:\users\l.schmidt\documents\project\engine\frogengine\x64\debug\material.pdb
c:\users\l.schmidt\documents\project\engine\frogengine\x64\debug\material.lib
c:\users\l.schmidt\documents\project\engine\frogengine\x64\debug\material.exp
c:\users\l.schmidt\documents\project\engine\frogengine\material\x64\debug\material.tlog\cl.command.1.tlog
c:\users\l.schmidt\documents\project\engine\frogengine\material\x64\debug\material.tlog\cl.read.1.tlog
c:\users\l.schmidt\documents\project\engine\frogengine\material\x64\debug\material.tlog\cl.write.1.tlog
c:\users\l.schmidt\documents\project\engine\frogengine\material\x64\debug\material.tlog\link.command.1.tlog
c:\users\l.schmidt\documents\project\engine\frogengine\material\x64\debug\material.tlog\link.read.1.tlog
c:\users\l.schmidt\documents\project\engine\frogengine\material\x64\debug\material.tlog\link.write.1.tlog
c:\users\l.schmidt\documents\project\engine\frogengine\material\x64\debug\material.tlog\material.write.1u.tlog
