c:\users\l.schmidt\documents\project\engine\frogengine\image\x64\debug\image.pch
c:\users\l.schmidt\documents\project\engine\frogengine\image\x64\debug\vc140.pdb
c:\users\l.schmidt\documents\project\engine\frogengine\image\x64\debug\vc140.idb
c:\users\l.schmidt\documents\project\engine\frogengine\image\x64\debug\stdafx.obj
c:\users\l.schmidt\documents\project\engine\frogengine\image\x64\debug\dllmain.obj
c:\users\l.schmidt\documents\project\engine\frogengine\image\x64\debug\feimage.obj
c:\users\l.schmidt\documents\project\engine\frogengine\image\x64\debug\image.obj
c:\users\l.schmidt\documents\project\engine\frogengine\image\x64\debug\sfmlloaderimage.obj
c:\users\l.schmidt\documents\project\engine\frogengine\x64\debug\image.lib
c:\users\l.schmidt\documents\project\engine\frogengine\x64\debug\image.exp
c:\users\l.schmidt\documents\project\engine\frogengine\x64\debug\image.ilk
c:\users\l.schmidt\documents\project\engine\frogengine\x64\debug\image.dll
c:\users\l.schmidt\documents\project\engine\frogengine\x64\debug\image.pdb
c:\users\l.schmidt\documents\project\engine\frogengine\image\x64\debug\image.tlog\cl.command.1.tlog
c:\users\l.schmidt\documents\project\engine\frogengine\image\x64\debug\image.tlog\cl.read.1.tlog
c:\users\l.schmidt\documents\project\engine\frogengine\image\x64\debug\image.tlog\cl.write.1.tlog
c:\users\l.schmidt\documents\project\engine\frogengine\image\x64\debug\image.tlog\image.write.1u.tlog
c:\users\l.schmidt\documents\project\engine\frogengine\image\x64\debug\image.tlog\link.command.1.tlog
c:\users\l.schmidt\documents\project\engine\frogengine\image\x64\debug\image.tlog\link.read.1.tlog
c:\users\l.schmidt\documents\project\engine\frogengine\image\x64\debug\image.tlog\link.write.1.tlog
