c:\users\l.schmidt\documents\project\engine\frogengine\frogengine\x64\debug\vc140.pdb
c:\users\l.schmidt\documents\project\engine\frogengine\frogengine\x64\debug\vc140.idb
c:\users\l.schmidt\documents\project\engine\frogengine\frogengine\x64\debug\fecubemap.obj
c:\users\l.schmidt\documents\project\engine\frogengine\frogengine\x64\debug\fedrawableobject.obj
c:\users\l.schmidt\documents\project\engine\frogengine\frogengine\x64\debug\femodelobject.obj
c:\users\l.schmidt\documents\project\engine\frogengine\frogengine\x64\debug\feobject.obj
c:\users\l.schmidt\documents\project\engine\frogengine\frogengine\x64\debug\fetransform.obj
c:\users\l.schmidt\documents\project\engine\frogengine\frogengine\x64\debug\feambiantlight.obj
c:\users\l.schmidt\documents\project\engine\frogengine\frogengine\x64\debug\fedirectionallight.obj
c:\users\l.schmidt\documents\project\engine\frogengine\frogengine\x64\debug\felight.obj
c:\users\l.schmidt\documents\project\engine\frogengine\frogengine\x64\debug\felightmaterial.obj
c:\users\l.schmidt\documents\project\engine\frogengine\frogengine\x64\debug\fespotlight.obj
c:\users\l.schmidt\documents\project\engine\frogengine\frogengine\x64\debug\feboundingsphere.obj
c:\users\l.schmidt\documents\project\engine\frogengine\frogengine\x64\debug\feray.obj
c:\users\l.schmidt\documents\project\engine\frogengine\frogengine\x64\debug\fedevice.obj
c:\users\l.schmidt\documents\project\engine\frogengine\frogengine\x64\debug\feinputmanager.obj
c:\users\l.schmidt\documents\project\engine\frogengine\frogengine\x64\debug\felightmanager.obj
c:\users\l.schmidt\documents\project\engine\frogengine\frogengine\x64\debug\feresourcemanager.obj
c:\users\l.schmidt\documents\project\engine\frogengine\frogengine\x64\debug\fescene.obj
c:\users\l.schmidt\documents\project\engine\frogengine\frogengine\x64\debug\fescenemanager.obj
c:\users\l.schmidt\documents\project\engine\frogengine\frogengine\x64\debug\fecamera.obj
c:\users\l.schmidt\documents\project\engine\frogengine\frogengine\x64\debug\fedriver.obj
c:\users\l.schmidt\documents\project\engine\frogengine\frogengine\x64\debug\femodel.obj
c:\users\l.schmidt\documents\project\engine\frogengine\frogengine\x64\debug\main.obj
c:\users\l.schmidt\documents\project\engine\frogengine\x64\debug\frogengine.ilk
c:\users\l.schmidt\documents\project\engine\frogengine\x64\debug\frogengine.dll
c:\users\l.schmidt\documents\project\engine\frogengine\x64\debug\frogengine.pdb
c:\users\l.schmidt\documents\project\engine\frogengine\frogengine\x64\debug\frogengine.tlog\cl.command.1.tlog
c:\users\l.schmidt\documents\project\engine\frogengine\frogengine\x64\debug\frogengine.tlog\cl.read.1.tlog
c:\users\l.schmidt\documents\project\engine\frogengine\frogengine\x64\debug\frogengine.tlog\cl.write.1.tlog
c:\users\l.schmidt\documents\project\engine\frogengine\frogengine\x64\debug\frogengine.tlog\link.command.1.tlog
c:\users\l.schmidt\documents\project\engine\frogengine\frogengine\x64\debug\frogengine.tlog\link.read.1.tlog
c:\users\l.schmidt\documents\project\engine\frogengine\frogengine\x64\debug\frogengine.tlog\link.write.1.tlog
