c:\users\l.schmidt\documents\project\engine\frogengine\frogqt\x64\debug\vc140.pdb
c:\users\l.schmidt\documents\project\engine\frogengine\frogqt\x64\debug\main.obj
c:\users\l.schmidt\documents\project\engine\frogengine\frogqt\x64\debug\qfemainwindow.obj
c:\users\l.schmidt\documents\project\engine\frogengine\frogqt\x64\debug\qfeeditortree.obj
c:\users\l.schmidt\documents\project\engine\frogengine\frogqt\x64\debug\moc_qfemainwindow.obj
c:\users\l.schmidt\documents\project\engine\frogengine\frogqt\x64\debug\moc_qfeeditortree.obj
c:\users\l.schmidt\documents\project\engine\frogengine\frogqt\x64\debug\qfeinspectortransformwidget.obj
c:\users\l.schmidt\documents\project\engine\frogengine\frogqt\x64\debug\qfeinspectormodelwidget.obj
c:\users\l.schmidt\documents\project\engine\frogengine\frogqt\x64\debug\qfeinspectorlightwidget.obj
c:\users\l.schmidt\documents\project\engine\frogengine\frogqt\x64\debug\qfeinspectorcamerawidget.obj
c:\users\l.schmidt\documents\project\engine\frogengine\frogqt\x64\debug\qfeeditorinspector.obj
c:\users\l.schmidt\documents\project\engine\frogengine\frogqt\x64\debug\moc_qfeinspectormodelwidget.obj
c:\users\l.schmidt\documents\project\engine\frogengine\frogqt\x64\debug\moc_qfeeditorinspector.obj
c:\users\l.schmidt\documents\project\engine\frogengine\frogqt\x64\debug\qfedrawer.obj
c:\users\l.schmidt\documents\project\engine\frogengine\frogqt\x64\debug\moc_qfeinspectortransformwidget.obj
c:\users\l.schmidt\documents\project\engine\frogengine\frogqt\x64\debug\qfeinspectorlightmaterialwidget.obj
c:\users\l.schmidt\documents\project\engine\frogengine\frogqt\x64\debug\moc_qfeinspectorlightmaterialwidget.obj
c:\users\l.schmidt\documents\project\engine\frogengine\frogqt\x64\debug\qfeinspectordock.obj
c:\users\l.schmidt\documents\project\engine\frogengine\frogqt\x64\debug\moc_qfetreeviewdock.obj
c:\users\l.schmidt\documents\project\engine\frogengine\frogqt\x64\debug\moc_qfeinspectorlightwidget.obj
c:\users\l.schmidt\documents\project\engine\frogengine\frogqt\x64\debug\moc_qfeinspectordock.obj
c:\users\l.schmidt\documents\project\engine\frogengine\frogqt\x64\debug\moc_qfeinspectorcamerawidget.obj
c:\users\l.schmidt\documents\project\engine\frogengine\frogqt\x64\debug\moc_qfedrawer.obj
c:\users\l.schmidt\documents\project\engine\frogengine\frogqt\x64\debug\qsfmlcanvas.obj
c:\users\l.schmidt\documents\project\engine\frogengine\frogqt\x64\debug\qfetreeviewdock.obj
c:\users\l.schmidt\documents\project\engine\frogengine\frogqt\x64\debug\qrc_qfemainwindow.obj
c:\users\l.schmidt\documents\project\engine\frogengine\frogqt\generatedfiles\ui_qfemainwindow.h
c:\users\l.schmidt\documents\project\engine\frogengine\frogqt\generatedfiles\qrc_qfemainwindow.cpp
c:\users\l.schmidt\documents\project\engine\frogengine\frogqt\generatedfiles\debug\moc_qfedrawer.cpp
c:\users\l.schmidt\documents\project\engine\frogengine\frogqt\generatedfiles\debug\moc_qfeinspectormodelwidget.cpp
c:\users\l.schmidt\documents\project\engine\frogengine\frogqt\generatedfiles\debug\moc_qfeinspectordock.cpp
c:\users\l.schmidt\documents\project\engine\frogengine\frogqt\generatedfiles\debug\moc_qfetreeviewdock.cpp
c:\users\l.schmidt\documents\project\engine\frogengine\frogqt\generatedfiles\debug\moc_qfeinspectorlightwidget.cpp
c:\users\l.schmidt\documents\project\engine\frogengine\frogqt\generatedfiles\debug\moc_qfeinspectorcamerawidget.cpp
c:\users\l.schmidt\documents\project\engine\frogengine\frogqt\generatedfiles\debug\moc_qfemainwindow.cpp
c:\users\l.schmidt\documents\project\engine\frogengine\frogqt\generatedfiles\debug\moc_qfeeditortree.cpp
c:\users\l.schmidt\documents\project\engine\frogengine\frogqt\generatedfiles\debug\moc_qfeeditorinspector.cpp
c:\users\l.schmidt\documents\project\engine\frogengine\frogqt\generatedfiles\debug\moc_qfeinspectortransformwidget.cpp
c:\users\l.schmidt\documents\project\engine\frogengine\frogqt\generatedfiles\debug\moc_qfeinspectorlightmaterialwidget.cpp
c:\users\l.schmidt\documents\project\engine\frogengine\x64\debug\frogqt.ilk
c:\users\l.schmidt\documents\project\engine\frogengine\x64\debug\frogqt.exe
c:\users\l.schmidt\documents\project\engine\frogengine\x64\debug\frogqt.pdb
c:\users\l.schmidt\documents\project\engine\frogengine\frogqt\x64\debug\frogqt.vcxprojresolveassemblyreference.cache
c:\users\l.schmidt\documents\project\engine\frogengine\frogqt\x64\debug\frogqt.tlog\cl.command.1.tlog
c:\users\l.schmidt\documents\project\engine\frogengine\frogqt\x64\debug\frogqt.tlog\cl.read.1.tlog
c:\users\l.schmidt\documents\project\engine\frogengine\frogqt\x64\debug\frogqt.tlog\cl.write.1.tlog
c:\users\l.schmidt\documents\project\engine\frogengine\frogqt\x64\debug\frogqt.tlog\custombuild.command.1.tlog
c:\users\l.schmidt\documents\project\engine\frogengine\frogqt\x64\debug\frogqt.tlog\custombuild.read.1.tlog
c:\users\l.schmidt\documents\project\engine\frogengine\frogqt\x64\debug\frogqt.tlog\custombuild.write.1.tlog
c:\users\l.schmidt\documents\project\engine\frogengine\frogqt\x64\debug\frogqt.tlog\link.command.1.tlog
c:\users\l.schmidt\documents\project\engine\frogengine\frogqt\x64\debug\frogqt.tlog\link.read.1.tlog
c:\users\l.schmidt\documents\project\engine\frogengine\frogqt\x64\debug\frogqt.tlog\link.write.1.tlog
